-------------------------------------------------------------------------------
Test set: test.TestFlightSearch
-------------------------------------------------------------------------------
Tests run: 1, Failures: 1, Errors: 0, Skipped: 0, Time elapsed: 0.605 sec <<< FAILURE!
testFlightSearch(test.TestFlightSearch)  Time elapsed: 0.061 sec  <<< FAILURE!
java.lang.NullPointerException
	at common.Browser.openBrowser(Browser.java:46)
	at pageObjects.HomePage.<init>(HomePage.java:55)
	at test.TestFlightSearch.testFlightSearch(TestFlightSearch.java:15)

