<?xml version="1.0" encoding="UTF-8"?>
<!-- Generated by org.testng.reporters.JUnitXMLReporter -->
<testsuite hostname="Vostro-CJ53HZ1" name="Command line test" tests="1" failures="1" timestamp="27 Jan 2017 10:44:21 GMT" time="0.118" errors="0">
  <testcase name="testFlightSearch" time="0.055" classname="test.TestFlightSearch">
    <failure type="java.lang.NullPointerException">
      <![CDATA[java.lang.NullPointerException
	at common.Browser.openBrowser(Browser.java:46)
	at pageObjects.HomePage.<init>(HomePage.java:55)
	at test.TestFlightSearch.testFlightSearch(TestFlightSearch.java:15)
... Removed 33 stack frames]]>
    </failure>
  </testcase> <!-- testFlightSearch -->
</testsuite> <!-- Command line test -->
